<?xml version="1.0" encoding="UTF-8"?>
<testsuite xmlns:xsi="http://www.w3.org/2001/XMLSchema-instance" xsi:noNamespaceSchemaLocation="https://maven.apache.org/surefire/maven-surefire-plugin/xsd/surefire-test-report-3.0.xsd" version="3.0" name="ConditionCoverageTest.Exo4Test" time="0.008" tests="4" errors="0" skipped="0" failures="0">
  <properties>
[...]
</properties>
  <testcase name="testC1_True" classname="ConditionCoverageTest.Exo4Test" time="0.002"/>
  <testcase name="testC2_True_NegativeDelta" classname="ConditionCoverageTest.Exo4Test" time="0.0"/>
  <testcase name="testC2_False_C3_True_ZeroDelta" classname="ConditionCoverageTest.Exo4Test" time="0.001"/>
  <testcase name="testC2_False_C3_False_PositiveDelta" classname="ConditionCoverageTest.Exo4Test" time="0.001"/>
</testsuite>